[debug] [2021-11-07T17:12:16.404Z] ----------------------------------------------------------------------
[debug] [2021-11-07T17:12:16.407Z] Command:       C:\Program Files\nodejs\node.exe C:\Users\user\AppData\Roaming\npm\node_modules\firebase-tools\lib\bin\firebase.js init
[debug] [2021-11-07T17:12:16.407Z] CLI Version:   9.22.0
[debug] [2021-11-07T17:12:16.407Z] Platform:      win32
[debug] [2021-11-07T17:12:16.407Z] Node Version:  v16.0.0
[debug] [2021-11-07T17:12:16.409Z] Time:          Sun Nov 07 2021 22:42:16 GMT+0530 (India Standard Time)
[debug] [2021-11-07T17:12:16.409Z] ----------------------------------------------------------------------
[debug] 
[debug] [2021-11-07T17:12:16.421Z] > command requires scopes: ["email","openid","https://www.googleapis.com/auth/cloudplatformprojects.readonly","https://www.googleapis.com/auth/firebase","https://www.googleapis.com/auth/cloud-platform"]
[debug] [2021-11-07T17:12:16.422Z] > authorizing via signed-in user (sathwick.p7@gmail.com)
[info] 
     ######## #### ########  ######## ########     ###     ######  ########
     ##        ##  ##     ## ##       ##     ##  ##   ##  ##       ##
     ######    ##  ########  ######   ########  #########  ######  ######
     ##        ##  ##    ##  ##       ##     ## ##     ##       ## ##
     ##       #### ##     ## ######## ########  ##     ##  ######  ########

You're about to initialize a Firebase project in this directory:

  C:\Web Dev\React\amazon-clone\src

Before we get started, keep in mind:

  * You are currently outside your home directory

